<<<<<<< HEAD
nohup: ignorando entrada
2025-06-16 17:40:07,785 - INFO - Kamila iniciada. Dizendo a mensagem de boas-vindas.
2025-06-16 17:40:07,785 - INFO - TTS Engine (espeak): Falando -> 'Oi Kauê, eu sou a Kamila. Estou ativa e pronta para ajudar.'
2025-06-16 17:40:12,479 - INFO - TTS Engine: Finalizou a fala.
2025-06-16 17:40:12,479 - INFO - Iniciando o loop principal de escuta.
ALSA lib pcm_dsnoop.c:567:(snd_pcm_dsnoop_open) unable to open slave
ALSA lib pcm_dmix.c:1000:(snd_pcm_dmix_open) unable to open slave
ALSA lib pcm.c:2722:(snd_pcm_open_noupdate) Unknown PCM cards.pcm.rear
ALSA lib pcm.c:2722:(snd_pcm_open_noupdate) Unknown PCM cards.pcm.center_lfe
ALSA lib pcm.c:2722:(snd_pcm_open_noupdate) Unknown PCM cards.pcm.side
Cannot connect to server socket err = No such file or directory
Cannot connect to server request channel
jack server is not running or cannot be started
JackShmReadWritePtr::~JackShmReadWritePtr - Init not done for -1, skipping unlock
JackShmReadWritePtr::~JackShmReadWritePtr - Init not done for -1, skipping unlock
Cannot connect to server socket err = No such file or directory
Cannot connect to server request channel
jack server is not running or cannot be started
JackShmReadWritePtr::~JackShmReadWritePtr - Init not done for -1, skipping unlock
JackShmReadWritePtr::~JackShmReadWritePtr - Init not done for -1, skipping unlock
ALSA lib pcm_oss.c:404:(_snd_pcm_oss_open) Cannot open device /dev/dsp
ALSA lib pcm_oss.c:404:(_snd_pcm_oss_open) Cannot open device /dev/dsp
ALSA lib pcm_a52.c:1036:(_snd_pcm_a52_open) a52 is only for playback
ALSA lib confmisc.c:160:(snd_config_get_card) Invalid field card
ALSA lib pcm_usb_stream.c:481:(_snd_pcm_usb_stream_open) Invalid card 'card'
ALSA lib confmisc.c:160:(snd_config_get_card) Invalid field card
ALSA lib pcm_usb_stream.c:481:(_snd_pcm_usb_stream_open) Invalid card 'card'
ALSA lib pcm_dmix.c:1000:(snd_pcm_dmix_open) unable to open slave
Cannot connect to server socket err = No such file or directory
Cannot connect to server request channel
jack server is not running or cannot be started
JackShmReadWritePtr::~JackShmReadWritePtr - Init not done for -1, skipping unlock
JackShmReadWritePtr::~JackShmReadWritePtr - Init not done for -1, skipping unlock
2025-06-16 17:40:12,654 - INFO - STT Engine: Usando microfone padrão. Calibrando por 2 segundos...
2025-06-16 17:40:14,670 - INFO - STT Engine: Limiar de energia ajustado para: 302.58270689121406
2025-06-16 17:40:14,670 - INFO - STT Engine: Diga alguma coisa!
2025-06-16 17:40:17,495 - INFO - STT Engine: Reconhecendo...
2025-06-16 17:40:18,380 - INFO - STT Engine: Texto transcrito -> 'criando um monte cam'
2025-06-16 17:40:18,381 - INFO - Comando recebido: 'criando um monte cam'
2025-06-16 17:40:18,381 - INFO - Interpreter: Analisando texto -> 'criando um monte cam'
2025-06-16 17:40:18,381 - INFO - Interpreter: Nenhuma intenção conhecida foi identificada.
2025-06-16 17:40:18,382 - INFO - Actions: Executando ação 'unknown_intent'.
2025-06-16 17:40:18,382 - INFO - Resposta gerada: 'Desculpe, eu não entendi o que você disse.'
2025-06-16 17:40:18,382 - INFO - TTS Engine (espeak): Falando -> 'Desculpe, eu não entendi o que você disse.'
2025-06-16 17:40:21,448 - INFO - TTS Engine: Finalizou a fala.
2025-06-16 17:40:22,450 - INFO - STT Engine: Usando microfone padrão. Calibrando por 2 segundos...
2025-06-16 17:40:24,466 - INFO - STT Engine: Limiar de energia ajustado para: 162.04162965264868
2025-06-16 17:40:24,466 - INFO - STT Engine: Diga alguma coisa!
2025-06-16 17:40:36,674 - INFO - STT Engine: Reconhecendo...
2025-06-16 17:40:37,942 - WARNING - STT Engine: Áudio capturado, mas não foi possível entender as palavras.
2025-06-16 17:40:37,942 - INFO - Nenhum comando foi ouvido, reiniciando o ciclo de escuta.
2025-06-16 17:40:38,954 - INFO - STT Engine: Usando microfone padrão. Calibrando por 2 segundos...
2025-06-16 17:40:40,974 - INFO - STT Engine: Limiar de energia ajustado para: 289.8470603251935
2025-06-16 17:40:40,974 - INFO - STT Engine: Diga alguma coisa!
2025-06-16 17:40:47,699 - INFO - STT Engine: Reconhecendo...
2025-06-16 17:40:48,694 - WARNING - STT Engine: Áudio capturado, mas não foi possível entender as palavras.
2025-06-16 17:40:48,694 - INFO - Nenhum comando foi ouvido, reiniciando o ciclo de escuta.
2025-06-16 17:40:49,701 - INFO - STT Engine: Usando microfone padrão. Calibrando por 2 segundos...
2025-06-16 17:40:51,700 - INFO - STT Engine: Limiar de energia ajustado para: 95.78790856770013
2025-06-16 17:40:51,700 - INFO - STT Engine: Diga alguma coisa!
2025-06-16 17:41:01,901 - INFO - STT Engine: Reconhecendo...
2025-06-16 17:41:03,132 - WARNING - STT Engine: Áudio capturado, mas não foi possível entender as palavras.
2025-06-16 17:41:03,133 - INFO - Nenhum comando foi ouvido, reiniciando o ciclo de escuta.
2025-06-16 17:41:04,142 - INFO - STT Engine: Usando microfone padrão. Calibrando por 2 segundos...
2025-06-16 17:41:06,138 - INFO - STT Engine: Limiar de energia ajustado para: 105.58868692890542
2025-06-16 17:41:06,138 - INFO - STT Engine: Diga alguma coisa!
2025-06-16 17:41:16,466 - INFO - STT Engine: Reconhecendo...
2025-06-16 17:41:17,777 - WARNING - STT Engine: Áudio capturado, mas não foi possível entender as palavras.
2025-06-16 17:41:17,778 - INFO - Nenhum comando foi ouvido, reiniciando o ciclo de escuta.
2025-06-16 17:41:18,787 - INFO - STT Engine: Usando microfone padrão. Calibrando por 2 segundos...
2025-06-16 17:41:20,786 - INFO - STT Engine: Limiar de energia ajustado para: 139.2210522974433
2025-06-16 17:41:20,786 - INFO - STT Engine: Diga alguma coisa!
2025-06-16 17:41:27,204 - INFO - STT Engine: Reconhecendo...
2025-06-16 17:41:27,913 - WARNING - STT Engine: Áudio capturado, mas não foi possível entender as palavras.
2025-06-16 17:41:27,913 - INFO - Nenhum comando foi ouvido, reiniciando o ciclo de escuta.
2025-06-16 17:41:28,924 - INFO - STT Engine: Usando microfone padrão. Calibrando por 2 segundos...
o de escuta.
2025-06-16 17:40:38,954 - INFO - STT Engine: Usando microfone padrão. Calibrando por 2 segundos...
2025-06-16 17:40:40,950 - INFO - STT Engine: Limiar de energia ajustado para: 293.52866146733305
2025-06-16 17:40:40,950 - INFO - STT Engine: Diga alguma coisa!
2025-06-16 17:40:50,063 - INFO - STT Engine: Reconhecendo...
2025-06-16 17:40:51,456 - WARNING - STT Engine: Áudio capturado, mas não foi possível entender as palavras.
2025-06-16 17:40:51,456 - INFO - Nenhum comando foi ouvido, reiniciando o ciclo de escuta.
2025-06-16 17:40:52,467 - INFO - STT Engine: Usando microfone padrão. Calibrando por 2 segundos...
2025-06-16 17:40:54,462 - INFO - STT Engine: Limiar de energia ajustado para: 133.8667102884327
2025-06-16 17:40:54,462 - INFO - STT Engine: Diga alguma coisa!
2025-06-16 17:40:56,625 - INFO - STT Engine: Reconhecendo...
2025-06-16 17:40:57,088 - WARNING - STT Engine: Áudio capturado, mas não foi possível entender as palavras.
2025-06-16 17:40:57,088 - INFO - Nenhum comando foi ouvido, reiniciando o ciclo de escuta.
2025-06-16 17:40:58,096 - INFO - STT Engine: Usando microfone padrão. Calibrando por 2 segundos...
2025-06-16 17:41:00,105 - INFO - STT Engine: Limiar de energia ajustado para: 114.16402871951512
2025-06-16 17:41:00,105 - INFO - STT Engine: Diga alguma coisa!
2025-06-16 17:41:05,098 - INFO - STT Engine: Reconhecendo...
2025-06-16 17:41:05,897 - WARNING - STT Engine: Áudio capturado, mas não foi possível entender as palavras.
2025-06-16 17:41:05,897 - INFO - Nenhum comando foi ouvido, reiniciando o ciclo de escuta.
2025-06-16 17:41:06,907 - INFO - STT Engine: Usando microfone padrão. Calibrando por 2 segundos...
2025-06-16 17:41:08,905 - INFO - STT Engine: Limiar de energia ajustado para: 106.19576940984228
2025-06-16 17:41:08,905 - INFO - STT Engine: Diga alguma coisa!
2025-06-16 17:41:19,285 - INFO - STT Engine: Reconhecendo...
2025-06-16 17:41:20,553 - WARNING - STT Engine: Áudio capturado, mas não foi possível entender as palavras.
2025-06-16 17:41:20,554 - INFO - Nenhum comando foi ouvido, reiniciando o ciclo de escuta.
2025-06-16 17:41:21,561 - INFO - STT Engine: Usando microfone padrão. Calibrando por 2 segundos...
2025-06-16 17:41:23,572 - INFO - STT Engine: Limiar de energia ajustado para: 99.81019778569613
2025-06-16 17:41:23,572 - INFO - STT Engine: Diga alguma coisa!
2025-06-16 17:41:33,864 - INFO - STT Engine: Reconhecendo...
2025-06-16 17:41:35,083 - WARNING - STT Engine: Áudio capturado, mas não foi possível entender as palavras.
2025-06-16 17:41:35,083 - INFO - Nenhum comando foi ouvido, reiniciando o ciclo de escuta.
2025-06-16 17:41:36,090 - INFO - STT Engine: Usando microfone padrão. Calibrando por 2 segundos...
2025-06-16 17:41:38,086 - INFO - STT Engine: Limiar de energia ajustado para: 109.04689306357497
2025-06-16 17:41:38,086 - INFO - STT Engine: Diga alguma coisa!
2025-06-16 17:41:50,969 - INFO - STT Engine: Reconhecendo...
2025-06-16 17:41:52,182 - WARNING - STT Engine: Áudio capturado, mas não foi possível entender as palavras.
2025-06-16 17:41:52,183 - INFO - Nenhum comando foi ouvido, reiniciando o ciclo de escuta.
2025-06-16 17:41:53,185 - INFO - STT Engine: Usando microfone padrão. Calibrando por 2 segundos...
2025-06-16 17:41:55,192 - INFO - STT Engine: Limiar de energia ajustado para: 117.72916040106522
2025-06-16 17:41:55,192 - INFO - STT Engine: Diga alguma coisa!
2025-06-16 17:42:02,836 - INFO - STT Engine: Reconhecendo...
2025-06-16 17:42:03,638 - WARNING - STT Engine: Áudio capturado, mas não foi possível entender as palavras.
2025-06-16 17:42:03,638 - INFO - Nenhum comando foi ouvido, reiniciando o ciclo de escuta.
2025-06-16 17:42:04,646 - INFO - STT Engine: Usando microfone padrão. Calibrando por 2 segundos...
2025-06-16 17:42:06,645 - INFO - STT Engine: Limiar de energia ajustado para: 103.73683060520298
2025-06-16 17:42:06,646 - INFO - STT Engine: Diga alguma coisa!
2025-06-16 17:42:17,101 - INFO - STT Engine: Reconhecendo...
2025-06-16 17:42:18,302 - WARNING - STT Engine: Áudio capturado, mas não foi possível entender as palavras.
2025-06-16 17:42:18,302 - INFO - Nenhum comando foi ouvido, reiniciando o ciclo de escuta.
2025-06-16 17:42:19,310 - INFO - STT Engine: Usando microfone padrão. Calibrando por 2 segundos...
2025-06-16 17:42:21,307 - INFO - STT Engine: Limiar de energia ajustado para: 105.0326956114255
2025-06-16 17:42:21,307 - INFO - STT Engine: Diga alguma coisa!
2025-06-16 17:42:28,227 - INFO - STT Engine: Reconhecendo...
2025-06-16 17:42:29,355 - WARNING - STT Engine: Áudio capturado, mas não foi possível entender as palavras.
2025-06-16 17:42:29,356 - INFO - Nenhum comando foi ouvido, reiniciando o ciclo de escuta.
2025-06-16 17:42:30,363 - INFO - STT Engine: Usando microfone padrão. Calibrando por 2 segundos...
2025-06-16 17:42:32,357 - INFO - STT Engine: Limiar de energia ajustado para: 86.983847583548
2025-06-16 17:42:32,357 - INFO - STT Engine: Diga alguma coisa!
2025-06-16 17:42:42,371 - INFO - STT Engine: Reconhecendo...
2025-06-16 17:42:43,692 - WARNING - STT Engine: Áudio capturado, mas não foi possível entender as palavras.
2025-06-16 17:42:43,693 - INFO - Nenhum comando foi ouvido, reiniciando o ciclo de escuta.
2025-06-16 17:42:44,702 - INFO - STT Engine: Usando microfone padrão. Calibrando por 2 segundos...
2025-06-16 17:42:46,704 - INFO - STT Engine: Limiar de energia ajustado para: 125.4089975086156
2025-06-16 17:42:46,704 - INFO - STT Engine: Diga alguma coisa!
2025-06-16 17:42:49,943 - INFO - STT Engine: Reconhecendo...
2025-06-16 17:42:50,554 - WARNING - STT Engine: Áudio capturado, mas não foi possível entender as palavras.
2025-06-16 17:42:50,554 - INFO - Nenhum comando foi ouvido, reiniciando o ciclo de escuta.
2025-06-16 17:42:51,558 - INFO - STT Engine: Usando microfone padrão. Calibrando por 2 segundos...
2025-06-16 17:42:53,554 - INFO - STT Engine: Limiar de energia ajustado para: 112.20896148131874
2025-06-16 17:42:53,555 - INFO - STT Engine: Diga alguma coisa!
2025-06-16 17:42:56,887 - INFO - STT Engine: Reconhecendo...
2025-06-16 17:42:57,515 - WARNING - STT Engine: Áudio capturado, mas não foi possível entender as palavras.
2025-06-16 17:42:57,516 - INFO - Nenhum comando foi ouvido, reiniciando o ciclo de escuta.
2025-06-16 17:42:58,521 - INFO - STT Engine: Usando microfone padrão. Calibrando por 2 segundos...
2025-06-16 17:43:00,531 - INFO - STT Engine: Limiar de energia ajustado para: 105.99242478437036
2025-06-16 17:43:00,531 - INFO - STT Engine: Diga alguma coisa!
2025-06-16 17:43:03,746 - INFO - STT Engine: Reconhecendo...
2025-06-16 17:43:04,376 - WARNING - STT Engine: Áudio capturado, mas não foi possível entender as palavras.
2025-06-16 17:43:04,376 - INFO - Nenhum comando foi ouvido, reiniciando o ciclo de escuta.
2025-06-16 17:43:05,384 - INFO - STT Engine: Usando microfone padrão. Calibrando por 2 segundos...
2025-06-16 17:43:07,413 - INFO - STT Engine: Limiar de energia ajustado para: 90.36804383346937
2025-06-16 17:43:07,413 - INFO - STT Engine: Diga alguma coisa!
2025-06-16 17:43:09,379 - INFO - STT Engine: Reconhecendo...
=======
nohup: ignorando entrada
2025-06-16 17:40:07,785 - INFO - Kamila iniciada. Dizendo a mensagem de boas-vindas.
2025-06-16 17:40:07,785 - INFO - TTS Engine (espeak): Falando -> 'Oi Kauê, eu sou a Kamila. Estou ativa e pronta para ajudar.'
2025-06-16 17:40:12,479 - INFO - TTS Engine: Finalizou a fala.
2025-06-16 17:40:12,479 - INFO - Iniciando o loop principal de escuta.
ALSA lib pcm_dsnoop.c:567:(snd_pcm_dsnoop_open) unable to open slave
ALSA lib pcm_dmix.c:1000:(snd_pcm_dmix_open) unable to open slave
ALSA lib pcm.c:2722:(snd_pcm_open_noupdate) Unknown PCM cards.pcm.rear
ALSA lib pcm.c:2722:(snd_pcm_open_noupdate) Unknown PCM cards.pcm.center_lfe
ALSA lib pcm.c:2722:(snd_pcm_open_noupdate) Unknown PCM cards.pcm.side
Cannot connect to server socket err = No such file or directory
Cannot connect to server request channel
jack server is not running or cannot be started
JackShmReadWritePtr::~JackShmReadWritePtr - Init not done for -1, skipping unlock
JackShmReadWritePtr::~JackShmReadWritePtr - Init not done for -1, skipping unlock
Cannot connect to server socket err = No such file or directory
Cannot connect to server request channel
jack server is not running or cannot be started
JackShmReadWritePtr::~JackShmReadWritePtr - Init not done for -1, skipping unlock
JackShmReadWritePtr::~JackShmReadWritePtr - Init not done for -1, skipping unlock
ALSA lib pcm_oss.c:404:(_snd_pcm_oss_open) Cannot open device /dev/dsp
ALSA lib pcm_oss.c:404:(_snd_pcm_oss_open) Cannot open device /dev/dsp
ALSA lib pcm_a52.c:1036:(_snd_pcm_a52_open) a52 is only for playback
ALSA lib confmisc.c:160:(snd_config_get_card) Invalid field card
ALSA lib pcm_usb_stream.c:481:(_snd_pcm_usb_stream_open) Invalid card 'card'
ALSA lib confmisc.c:160:(snd_config_get_card) Invalid field card
ALSA lib pcm_usb_stream.c:481:(_snd_pcm_usb_stream_open) Invalid card 'card'
ALSA lib pcm_dmix.c:1000:(snd_pcm_dmix_open) unable to open slave
Cannot connect to server socket err = No such file or directory
Cannot connect to server request channel
jack server is not running or cannot be started
JackShmReadWritePtr::~JackShmReadWritePtr - Init not done for -1, skipping unlock
JackShmReadWritePtr::~JackShmReadWritePtr - Init not done for -1, skipping unlock
2025-06-16 17:40:12,654 - INFO - STT Engine: Usando microfone padrão. Calibrando por 2 segundos...
2025-06-16 17:40:14,670 - INFO - STT Engine: Limiar de energia ajustado para: 302.58270689121406
2025-06-16 17:40:14,670 - INFO - STT Engine: Diga alguma coisa!
2025-06-16 17:40:17,495 - INFO - STT Engine: Reconhecendo...
2025-06-16 17:40:18,380 - INFO - STT Engine: Texto transcrito -> 'criando um monte cam'
2025-06-16 17:40:18,381 - INFO - Comando recebido: 'criando um monte cam'
2025-06-16 17:40:18,381 - INFO - Interpreter: Analisando texto -> 'criando um monte cam'
2025-06-16 17:40:18,381 - INFO - Interpreter: Nenhuma intenção conhecida foi identificada.
2025-06-16 17:40:18,382 - INFO - Actions: Executando ação 'unknown_intent'.
2025-06-16 17:40:18,382 - INFO - Resposta gerada: 'Desculpe, eu não entendi o que você disse.'
2025-06-16 17:40:18,382 - INFO - TTS Engine (espeak): Falando -> 'Desculpe, eu não entendi o que você disse.'
2025-06-16 17:40:21,448 - INFO - TTS Engine: Finalizou a fala.
2025-06-16 17:40:22,450 - INFO - STT Engine: Usando microfone padrão. Calibrando por 2 segundos...
2025-06-16 17:40:24,466 - INFO - STT Engine: Limiar de energia ajustado para: 162.04162965264868
2025-06-16 17:40:24,466 - INFO - STT Engine: Diga alguma coisa!
2025-06-16 17:40:36,674 - INFO - STT Engine: Reconhecendo...
2025-06-16 17:40:37,942 - WARNING - STT Engine: Áudio capturado, mas não foi possível entender as palavras.
2025-06-16 17:40:37,942 - INFO - Nenhum comando foi ouvido, reiniciando o ciclo de escuta.
2025-06-16 17:40:38,954 - INFO - STT Engine: Usando microfone padrão. Calibrando por 2 segundos...
2025-06-16 17:40:40,974 - INFO - STT Engine: Limiar de energia ajustado para: 289.8470603251935
2025-06-16 17:40:40,974 - INFO - STT Engine: Diga alguma coisa!
2025-06-16 17:40:47,699 - INFO - STT Engine: Reconhecendo...
2025-06-16 17:40:48,694 - WARNING - STT Engine: Áudio capturado, mas não foi possível entender as palavras.
2025-06-16 17:40:48,694 - INFO - Nenhum comando foi ouvido, reiniciando o ciclo de escuta.
2025-06-16 17:40:49,701 - INFO - STT Engine: Usando microfone padrão. Calibrando por 2 segundos...
2025-06-16 17:40:51,700 - INFO - STT Engine: Limiar de energia ajustado para: 95.78790856770013
2025-06-16 17:40:51,700 - INFO - STT Engine: Diga alguma coisa!
2025-06-16 17:41:01,901 - INFO - STT Engine: Reconhecendo...
2025-06-16 17:41:03,132 - WARNING - STT Engine: Áudio capturado, mas não foi possível entender as palavras.
2025-06-16 17:41:03,133 - INFO - Nenhum comando foi ouvido, reiniciando o ciclo de escuta.
2025-06-16 17:41:04,142 - INFO - STT Engine: Usando microfone padrão. Calibrando por 2 segundos...
2025-06-16 17:41:06,138 - INFO - STT Engine: Limiar de energia ajustado para: 105.58868692890542
2025-06-16 17:41:06,138 - INFO - STT Engine: Diga alguma coisa!
2025-06-16 17:41:16,466 - INFO - STT Engine: Reconhecendo...
2025-06-16 17:41:17,777 - WARNING - STT Engine: Áudio capturado, mas não foi possível entender as palavras.
2025-06-16 17:41:17,778 - INFO - Nenhum comando foi ouvido, reiniciando o ciclo de escuta.
2025-06-16 17:41:18,787 - INFO - STT Engine: Usando microfone padrão. Calibrando por 2 segundos...
2025-06-16 17:41:20,786 - INFO - STT Engine: Limiar de energia ajustado para: 139.2210522974433
2025-06-16 17:41:20,786 - INFO - STT Engine: Diga alguma coisa!
2025-06-16 17:41:27,204 - INFO - STT Engine: Reconhecendo...
2025-06-16 17:41:27,913 - WARNING - STT Engine: Áudio capturado, mas não foi possível entender as palavras.
2025-06-16 17:41:27,913 - INFO - Nenhum comando foi ouvido, reiniciando o ciclo de escuta.
2025-06-16 17:41:28,924 - INFO - STT Engine: Usando microfone padrão. Calibrando por 2 segundos...
o de escuta.
2025-06-16 17:40:38,954 - INFO - STT Engine: Usando microfone padrão. Calibrando por 2 segundos...
2025-06-16 17:40:40,950 - INFO - STT Engine: Limiar de energia ajustado para: 293.52866146733305
2025-06-16 17:40:40,950 - INFO - STT Engine: Diga alguma coisa!
2025-06-16 17:40:50,063 - INFO - STT Engine: Reconhecendo...
2025-06-16 17:40:51,456 - WARNING - STT Engine: Áudio capturado, mas não foi possível entender as palavras.
2025-06-16 17:40:51,456 - INFO - Nenhum comando foi ouvido, reiniciando o ciclo de escuta.
2025-06-16 17:40:52,467 - INFO - STT Engine: Usando microfone padrão. Calibrando por 2 segundos...
2025-06-16 17:40:54,462 - INFO - STT Engine: Limiar de energia ajustado para: 133.8667102884327
2025-06-16 17:40:54,462 - INFO - STT Engine: Diga alguma coisa!
2025-06-16 17:40:56,625 - INFO - STT Engine: Reconhecendo...
2025-06-16 17:40:57,088 - WARNING - STT Engine: Áudio capturado, mas não foi possível entender as palavras.
2025-06-16 17:40:57,088 - INFO - Nenhum comando foi ouvido, reiniciando o ciclo de escuta.
2025-06-16 17:40:58,096 - INFO - STT Engine: Usando microfone padrão. Calibrando por 2 segundos...
2025-06-16 17:41:00,105 - INFO - STT Engine: Limiar de energia ajustado para: 114.16402871951512
2025-06-16 17:41:00,105 - INFO - STT Engine: Diga alguma coisa!
2025-06-16 17:41:05,098 - INFO - STT Engine: Reconhecendo...
2025-06-16 17:41:05,897 - WARNING - STT Engine: Áudio capturado, mas não foi possível entender as palavras.
2025-06-16 17:41:05,897 - INFO - Nenhum comando foi ouvido, reiniciando o ciclo de escuta.
2025-06-16 17:41:06,907 - INFO - STT Engine: Usando microfone padrão. Calibrando por 2 segundos...
2025-06-16 17:41:08,905 - INFO - STT Engine: Limiar de energia ajustado para: 106.19576940984228
2025-06-16 17:41:08,905 - INFO - STT Engine: Diga alguma coisa!
2025-06-16 17:41:19,285 - INFO - STT Engine: Reconhecendo...
2025-06-16 17:41:20,553 - WARNING - STT Engine: Áudio capturado, mas não foi possível entender as palavras.
2025-06-16 17:41:20,554 - INFO - Nenhum comando foi ouvido, reiniciando o ciclo de escuta.
2025-06-16 17:41:21,561 - INFO - STT Engine: Usando microfone padrão. Calibrando por 2 segundos...
2025-06-16 17:41:23,572 - INFO - STT Engine: Limiar de energia ajustado para: 99.81019778569613
2025-06-16 17:41:23,572 - INFO - STT Engine: Diga alguma coisa!
2025-06-16 17:41:33,864 - INFO - STT Engine: Reconhecendo...
2025-06-16 17:41:35,083 - WARNING - STT Engine: Áudio capturado, mas não foi possível entender as palavras.
2025-06-16 17:41:35,083 - INFO - Nenhum comando foi ouvido, reiniciando o ciclo de escuta.
2025-06-16 17:41:36,090 - INFO - STT Engine: Usando microfone padrão. Calibrando por 2 segundos...
2025-06-16 17:41:38,086 - INFO - STT Engine: Limiar de energia ajustado para: 109.04689306357497
2025-06-16 17:41:38,086 - INFO - STT Engine: Diga alguma coisa!
2025-06-16 17:41:50,969 - INFO - STT Engine: Reconhecendo...
2025-06-16 17:41:52,182 - WARNING - STT Engine: Áudio capturado, mas não foi possível entender as palavras.
2025-06-16 17:41:52,183 - INFO - Nenhum comando foi ouvido, reiniciando o ciclo de escuta.
2025-06-16 17:41:53,185 - INFO - STT Engine: Usando microfone padrão. Calibrando por 2 segundos...
2025-06-16 17:41:55,192 - INFO - STT Engine: Limiar de energia ajustado para: 117.72916040106522
2025-06-16 17:41:55,192 - INFO - STT Engine: Diga alguma coisa!
2025-06-16 17:42:02,836 - INFO - STT Engine: Reconhecendo...
2025-06-16 17:42:03,638 - WARNING - STT Engine: Áudio capturado, mas não foi possível entender as palavras.
2025-06-16 17:42:03,638 - INFO - Nenhum comando foi ouvido, reiniciando o ciclo de escuta.
2025-06-16 17:42:04,646 - INFO - STT Engine: Usando microfone padrão. Calibrando por 2 segundos...
2025-06-16 17:42:06,645 - INFO - STT Engine: Limiar de energia ajustado para: 103.73683060520298
2025-06-16 17:42:06,646 - INFO - STT Engine: Diga alguma coisa!
2025-06-16 17:42:17,101 - INFO - STT Engine: Reconhecendo...
2025-06-16 17:42:18,302 - WARNING - STT Engine: Áudio capturado, mas não foi possível entender as palavras.
2025-06-16 17:42:18,302 - INFO - Nenhum comando foi ouvido, reiniciando o ciclo de escuta.
2025-06-16 17:42:19,310 - INFO - STT Engine: Usando microfone padrão. Calibrando por 2 segundos...
2025-06-16 17:42:21,307 - INFO - STT Engine: Limiar de energia ajustado para: 105.0326956114255
2025-06-16 17:42:21,307 - INFO - STT Engine: Diga alguma coisa!
2025-06-16 17:42:28,227 - INFO - STT Engine: Reconhecendo...
2025-06-16 17:42:29,355 - WARNING - STT Engine: Áudio capturado, mas não foi possível entender as palavras.
2025-06-16 17:42:29,356 - INFO - Nenhum comando foi ouvido, reiniciando o ciclo de escuta.
2025-06-16 17:42:30,363 - INFO - STT Engine: Usando microfone padrão. Calibrando por 2 segundos...
2025-06-16 17:42:32,357 - INFO - STT Engine: Limiar de energia ajustado para: 86.983847583548
2025-06-16 17:42:32,357 - INFO - STT Engine: Diga alguma coisa!
2025-06-16 17:42:42,371 - INFO - STT Engine: Reconhecendo...
2025-06-16 17:42:43,692 - WARNING - STT Engine: Áudio capturado, mas não foi possível entender as palavras.
2025-06-16 17:42:43,693 - INFO - Nenhum comando foi ouvido, reiniciando o ciclo de escuta.
2025-06-16 17:42:44,702 - INFO - STT Engine: Usando microfone padrão. Calibrando por 2 segundos...
2025-06-16 17:42:46,704 - INFO - STT Engine: Limiar de energia ajustado para: 125.4089975086156
2025-06-16 17:42:46,704 - INFO - STT Engine: Diga alguma coisa!
2025-06-16 17:42:49,943 - INFO - STT Engine: Reconhecendo...
2025-06-16 17:42:50,554 - WARNING - STT Engine: Áudio capturado, mas não foi possível entender as palavras.
2025-06-16 17:42:50,554 - INFO - Nenhum comando foi ouvido, reiniciando o ciclo de escuta.
2025-06-16 17:42:51,558 - INFO - STT Engine: Usando microfone padrão. Calibrando por 2 segundos...
2025-06-16 17:42:53,554 - INFO - STT Engine: Limiar de energia ajustado para: 112.20896148131874
2025-06-16 17:42:53,555 - INFO - STT Engine: Diga alguma coisa!
2025-06-16 17:42:56,887 - INFO - STT Engine: Reconhecendo...
2025-06-16 17:42:57,515 - WARNING - STT Engine: Áudio capturado, mas não foi possível entender as palavras.
2025-06-16 17:42:57,516 - INFO - Nenhum comando foi ouvido, reiniciando o ciclo de escuta.
2025-06-16 17:42:58,521 - INFO - STT Engine: Usando microfone padrão. Calibrando por 2 segundos...
2025-06-16 17:43:00,531 - INFO - STT Engine: Limiar de energia ajustado para: 105.99242478437036
2025-06-16 17:43:00,531 - INFO - STT Engine: Diga alguma coisa!
2025-06-16 17:43:03,746 - INFO - STT Engine: Reconhecendo...
2025-06-16 17:43:04,376 - WARNING - STT Engine: Áudio capturado, mas não foi possível entender as palavras.
2025-06-16 17:43:04,376 - INFO - Nenhum comando foi ouvido, reiniciando o ciclo de escuta.
2025-06-16 17:43:05,384 - INFO - STT Engine: Usando microfone padrão. Calibrando por 2 segundos...
2025-06-16 17:43:07,413 - INFO - STT Engine: Limiar de energia ajustado para: 90.36804383346937
2025-06-16 17:43:07,413 - INFO - STT Engine: Diga alguma coisa!
2025-06-16 17:43:09,379 - INFO - STT Engine: Reconhecendo...
>>>>>>> 61a3238 (Primeiro commit da kamila assistente virtual)
